2024-05-20 23:50:52, INFO: Current git head hash code: %s
2024-05-20 23:50:52, INFO: Using device: cuda:0
2024-05-20 23:50:52, INFO: The window size is 5
2024-05-20 23:50:52, INFO: Policy:MambaRL
2024-05-20 23:50:52, INFO: Env config file: configs/env.config
2024-05-20 23:50:52, INFO: human number: 5
2024-05-20 23:50:52, INFO: Not randomizing human radius and preferred speed
2024-05-20 23:50:52, INFO: Training simulation: circle_crossing, test simulation: circle_crossing
2024-05-20 23:50:52, INFO: Square width: 10.0, circle width: 4.0
2024-05-20 23:50:52, INFO: Current learning rate: 0.010000
2024-05-20 23:54:35, INFO: TRAIN has success rate: 1.00, collision rate: 0.00, nav time: 9.96±1.009200, total reward: 0.2576)
2024-05-20 23:54:35, INFO: Collision cases: 
2024-05-20 23:54:35, INFO: Timeout cases: 
2024-05-20 23:54:35, INFO: Optimizing epoch
2024-05-21 00:00:54, INFO: Finish imitation learning. Weights saved.
2024-05-21 00:00:54, INFO: Experience set size: 100000/100000
2024-05-21 00:00:54, INFO: Agent is visible and has holonomic kinematic constraint
2024-05-21 00:00:54, INFO: Current learning rate: 0.001000
2024-05-21 01:00:20, INFO: VAL   in episode 0 has success rate: 0.00, collision rate: 0.00, nav time: 25.00±0.000000, total reward: 0.0000)
2024-05-21 01:00:20, INFO: some error occured while calcutating the std 
2024-05-21 01:00:20, INFO: Collision cases: 
2024-05-21 01:00:20, INFO: Timeout cases: 0 1 2 3 4 5 6 7 8 9 10 11 12 13 14 15 16 17 18 19 20 21 22 23 24 25 26 27 28 29 30 31 32 33 34 35 36 37 38 39 40 41 42 43 44 45 46 47 48 49
2024-05-21 01:01:01, INFO: TRAIN in episode 0 has success rate: 0.00, collision rate: 0.00, nav time: 25.00±0.000000, total reward: 0.0000)
2024-05-21 01:01:01, INFO: Collision cases: 
2024-05-21 01:01:01, INFO: Timeout cases: 0
2024-05-21 01:01:01, INFO: Optimizing batch
2024-05-21 01:01:04, INFO: Saving RL model weights.
2024-05-21 01:01:42, INFO: TRAIN in episode 1 has success rate: 0.00, collision rate: 0.00, nav time: 25.00±0.000000, total reward: 0.0000)
2024-05-21 01:01:42, INFO: Collision cases: 
2024-05-21 01:01:42, INFO: Timeout cases: 0
2024-05-21 01:01:42, INFO: Optimizing batch
2024-05-21 01:02:22, INFO: TRAIN in episode 2 has success rate: 0.00, collision rate: 0.00, nav time: 25.00±0.000000, total reward: 0.0000)
2024-05-21 01:02:22, INFO: Collision cases: 
2024-05-21 01:02:22, INFO: Timeout cases: 0
2024-05-21 01:02:22, INFO: Optimizing batch
2024-05-21 01:03:01, INFO: TRAIN in episode 3 has success rate: 0.00, collision rate: 0.00, nav time: 25.00±0.000000, total reward: 0.0000)
2024-05-21 01:03:01, INFO: Collision cases: 
2024-05-21 01:03:01, INFO: Timeout cases: 0
2024-05-21 01:03:01, INFO: Optimizing batch
2024-05-21 01:03:38, INFO: TRAIN in episode 4 has success rate: 0.00, collision rate: 0.00, nav time: 25.00±0.000000, total reward: 0.0000)
2024-05-21 01:03:38, INFO: Collision cases: 
2024-05-21 01:03:38, INFO: Timeout cases: 0
2024-05-21 01:03:38, INFO: Optimizing batch
2024-05-21 01:04:19, INFO: TRAIN in episode 5 has success rate: 0.00, collision rate: 0.00, nav time: 25.00±0.000000, total reward: 0.0000)
2024-05-21 01:04:19, INFO: Collision cases: 
2024-05-21 01:04:19, INFO: Timeout cases: 0
2024-05-21 01:04:19, INFO: Optimizing batch
2024-05-21 01:04:55, INFO: TRAIN in episode 6 has success rate: 0.00, collision rate: 0.00, nav time: 25.00±0.000000, total reward: 0.0000)
2024-05-21 01:04:55, INFO: Collision cases: 
2024-05-21 01:04:55, INFO: Timeout cases: 0
2024-05-21 01:04:55, INFO: Optimizing batch
2024-05-21 01:05:29, INFO: TRAIN in episode 7 has success rate: 0.00, collision rate: 0.00, nav time: 25.00±0.000000, total reward: 0.0000)
2024-05-21 01:05:29, INFO: Collision cases: 
2024-05-21 01:05:29, INFO: Timeout cases: 0
2024-05-21 01:05:29, INFO: Optimizing batch
2024-05-21 01:06:04, INFO: TRAIN in episode 8 has success rate: 0.00, collision rate: 0.00, nav time: 25.00±0.000000, total reward: 0.0000)
2024-05-21 01:06:04, INFO: Collision cases: 
2024-05-21 01:06:04, INFO: Timeout cases: 0
2024-05-21 01:06:04, INFO: Optimizing batch
2024-05-21 01:06:45, INFO: TRAIN in episode 9 has success rate: 0.00, collision rate: 0.00, nav time: 25.00±0.000000, total reward: 0.0000)
2024-05-21 01:06:45, INFO: Collision cases: 
2024-05-21 01:06:45, INFO: Timeout cases: 0
2024-05-21 01:06:45, INFO: Optimizing batch
2024-05-21 01:07:22, INFO: TRAIN in episode 10 has success rate: 0.00, collision rate: 0.00, nav time: 25.00±0.000000, total reward: -0.0337)
2024-05-21 01:07:22, INFO: Collision cases: 
2024-05-21 01:07:22, INFO: Timeout cases: 0
2024-05-21 01:07:22, INFO: Optimizing batch
2024-05-21 01:08:06, INFO: TRAIN in episode 11 has success rate: 0.00, collision rate: 0.00, nav time: 25.00±0.000000, total reward: 0.0000)
2024-05-21 01:08:06, INFO: Collision cases: 
2024-05-21 01:08:06, INFO: Timeout cases: 0
2024-05-21 01:08:06, INFO: Optimizing batch
2024-05-21 01:08:45, INFO: TRAIN in episode 12 has success rate: 0.00, collision rate: 0.00, nav time: 25.00±0.000000, total reward: 0.0000)
2024-05-21 01:08:45, INFO: Collision cases: 
2024-05-21 01:08:45, INFO: Timeout cases: 0
2024-05-21 01:08:45, INFO: Optimizing batch
2024-05-21 01:09:25, INFO: TRAIN in episode 13 has success rate: 0.00, collision rate: 0.00, nav time: 25.00±0.000000, total reward: 0.0000)
2024-05-21 01:09:25, INFO: Collision cases: 
2024-05-21 01:09:25, INFO: Timeout cases: 0
2024-05-21 01:09:25, INFO: Optimizing batch
2024-05-21 01:10:03, INFO: TRAIN in episode 14 has success rate: 0.00, collision rate: 0.00, nav time: 25.00±0.000000, total reward: 0.0000)
2024-05-21 01:10:03, INFO: Collision cases: 
2024-05-21 01:10:03, INFO: Timeout cases: 0
2024-05-21 01:10:03, INFO: Optimizing batch
2024-05-21 01:10:38, INFO: TRAIN in episode 15 has success rate: 0.00, collision rate: 0.00, nav time: 25.00±0.000000, total reward: 0.0000)
2024-05-21 01:10:38, INFO: Collision cases: 
2024-05-21 01:10:38, INFO: Timeout cases: 0
2024-05-21 01:10:38, INFO: Optimizing batch
2024-05-21 01:11:24, INFO: TRAIN in episode 16 has success rate: 0.00, collision rate: 0.00, nav time: 25.00±0.000000, total reward: 0.0000)
2024-05-21 01:11:24, INFO: Collision cases: 
2024-05-21 01:11:24, INFO: Timeout cases: 0
2024-05-21 01:11:24, INFO: Optimizing batch
2024-05-21 01:12:10, INFO: TRAIN in episode 17 has success rate: 0.00, collision rate: 0.00, nav time: 25.00±0.000000, total reward: 0.0000)
2024-05-21 01:12:10, INFO: Collision cases: 
2024-05-21 01:12:10, INFO: Timeout cases: 0
2024-05-21 01:12:10, INFO: Optimizing batch
2024-05-21 01:12:49, INFO: TRAIN in episode 18 has success rate: 0.00, collision rate: 0.00, nav time: 25.00±0.000000, total reward: 0.0000)
2024-05-21 01:12:49, INFO: Collision cases: 
2024-05-21 01:12:49, INFO: Timeout cases: 0
2024-05-21 01:12:49, INFO: Optimizing batch
2024-05-21 01:13:20, INFO: TRAIN in episode 19 has success rate: 0.00, collision rate: 0.00, nav time: 25.00±0.000000, total reward: 0.0000)
2024-05-21 01:13:20, INFO: Collision cases: 
2024-05-21 01:13:20, INFO: Timeout cases: 0
2024-05-21 01:13:20, INFO: Optimizing batch
2024-05-21 01:13:59, INFO: TRAIN in episode 20 has success rate: 0.00, collision rate: 0.00, nav time: 25.00±0.000000, total reward: 0.0000)
2024-05-21 01:13:59, INFO: Collision cases: 
2024-05-21 01:13:59, INFO: Timeout cases: 0
2024-05-21 01:13:59, INFO: Optimizing batch
2024-05-21 01:14:36, INFO: TRAIN in episode 21 has success rate: 0.00, collision rate: 0.00, nav time: 25.00±0.000000, total reward: 0.0000)
2024-05-21 01:14:36, INFO: Collision cases: 
2024-05-21 01:14:36, INFO: Timeout cases: 0
2024-05-21 01:14:36, INFO: Optimizing batch
2024-05-21 01:15:12, INFO: TRAIN in episode 22 has success rate: 0.00, collision rate: 0.00, nav time: 25.00±0.000000, total reward: 0.0000)
2024-05-21 01:15:12, INFO: Collision cases: 
2024-05-21 01:15:12, INFO: Timeout cases: 0
2024-05-21 01:15:12, INFO: Optimizing batch
2024-05-21 01:15:46, INFO: TRAIN in episode 23 has success rate: 0.00, collision rate: 0.00, nav time: 25.00±0.000000, total reward: 0.0000)
2024-05-21 01:15:46, INFO: Collision cases: 
2024-05-21 01:15:46, INFO: Timeout cases: 0
2024-05-21 01:15:46, INFO: Optimizing batch
2024-05-21 01:16:27, INFO: TRAIN in episode 24 has success rate: 0.00, collision rate: 0.00, nav time: 25.00±0.000000, total reward: 0.0000)
2024-05-21 01:16:27, INFO: Collision cases: 
2024-05-21 01:16:27, INFO: Timeout cases: 0
2024-05-21 01:16:27, INFO: Optimizing batch
2024-05-21 01:17:16, INFO: TRAIN in episode 25 has success rate: 0.00, collision rate: 0.00, nav time: 25.00±0.000000, total reward: 0.0000)
2024-05-21 01:17:16, INFO: Collision cases: 
2024-05-21 01:17:16, INFO: Timeout cases: 0
2024-05-21 01:17:16, INFO: Optimizing batch
2024-05-21 01:18:04, INFO: TRAIN in episode 26 has success rate: 0.00, collision rate: 0.00, nav time: 25.00±0.000000, total reward: 0.0000)
2024-05-21 01:18:04, INFO: Collision cases: 
2024-05-21 01:18:04, INFO: Timeout cases: 0
2024-05-21 01:18:04, INFO: Optimizing batch
2024-05-21 01:18:41, INFO: TRAIN in episode 27 has success rate: 0.00, collision rate: 0.00, nav time: 25.00±0.000000, total reward: 0.0000)
2024-05-21 01:18:41, INFO: Collision cases: 
2024-05-21 01:18:41, INFO: Timeout cases: 0
2024-05-21 01:18:41, INFO: Optimizing batch
2024-05-21 01:19:25, INFO: TRAIN in episode 28 has success rate: 0.00, collision rate: 0.00, nav time: 25.00±0.000000, total reward: 0.0000)
2024-05-21 01:19:25, INFO: Collision cases: 
2024-05-21 01:19:25, INFO: Timeout cases: 0
2024-05-21 01:19:25, INFO: Optimizing batch
2024-05-21 01:19:57, INFO: TRAIN in episode 29 has success rate: 0.00, collision rate: 0.00, nav time: 25.00±0.000000, total reward: 0.0000)
2024-05-21 01:19:57, INFO: Collision cases: 
2024-05-21 01:19:57, INFO: Timeout cases: 0
2024-05-21 01:19:57, INFO: Optimizing batch
2024-05-21 01:20:34, INFO: TRAIN in episode 30 has success rate: 0.00, collision rate: 0.00, nav time: 25.00±0.000000, total reward: 0.0000)
2024-05-21 01:20:34, INFO: Collision cases: 
2024-05-21 01:20:34, INFO: Timeout cases: 0
2024-05-21 01:20:34, INFO: Optimizing batch
2024-05-21 01:21:12, INFO: TRAIN in episode 31 has success rate: 0.00, collision rate: 0.00, nav time: 25.00±0.000000, total reward: 0.0000)
2024-05-21 01:21:12, INFO: Collision cases: 
2024-05-21 01:21:12, INFO: Timeout cases: 0
2024-05-21 01:21:12, INFO: Optimizing batch
2024-05-21 01:21:51, INFO: TRAIN in episode 32 has success rate: 0.00, collision rate: 0.00, nav time: 25.00±0.000000, total reward: 0.0000)
2024-05-21 01:21:51, INFO: Collision cases: 
2024-05-21 01:21:51, INFO: Timeout cases: 0
2024-05-21 01:21:51, INFO: Optimizing batch
2024-05-21 01:22:36, INFO: TRAIN in episode 33 has success rate: 0.00, collision rate: 0.00, nav time: 25.00±0.000000, total reward: 0.0000)
2024-05-21 01:22:36, INFO: Collision cases: 
2024-05-21 01:22:36, INFO: Timeout cases: 0
2024-05-21 01:22:36, INFO: Optimizing batch
2024-05-21 01:23:07, INFO: TRAIN in episode 34 has success rate: 0.00, collision rate: 0.00, nav time: 25.00±0.000000, total reward: 0.0000)
2024-05-21 01:23:07, INFO: Collision cases: 
2024-05-21 01:23:07, INFO: Timeout cases: 0
2024-05-21 01:23:07, INFO: Optimizing batch
2024-05-21 01:23:46, INFO: TRAIN in episode 35 has success rate: 0.00, collision rate: 0.00, nav time: 25.00±0.000000, total reward: 0.0000)
2024-05-21 01:23:46, INFO: Collision cases: 
2024-05-21 01:23:46, INFO: Timeout cases: 0
2024-05-21 01:23:46, INFO: Optimizing batch
2024-05-21 01:24:30, INFO: TRAIN in episode 36 has success rate: 0.00, collision rate: 0.00, nav time: 25.00±0.000000, total reward: 0.0000)
2024-05-21 01:24:30, INFO: Collision cases: 
2024-05-21 01:24:30, INFO: Timeout cases: 0
2024-05-21 01:24:30, INFO: Optimizing batch
2024-05-21 01:25:16, INFO: TRAIN in episode 37 has success rate: 0.00, collision rate: 0.00, nav time: 25.00±0.000000, total reward: 0.0000)
2024-05-21 01:25:16, INFO: Collision cases: 
2024-05-21 01:25:16, INFO: Timeout cases: 0
2024-05-21 01:25:16, INFO: Optimizing batch
2024-05-21 01:25:55, INFO: TRAIN in episode 38 has success rate: 0.00, collision rate: 0.00, nav time: 25.00±0.000000, total reward: 0.0000)
2024-05-21 01:25:55, INFO: Collision cases: 
2024-05-21 01:25:55, INFO: Timeout cases: 0
2024-05-21 01:25:55, INFO: Optimizing batch
2024-05-21 01:26:33, INFO: TRAIN in episode 39 has success rate: 0.00, collision rate: 0.00, nav time: 25.00±0.000000, total reward: 0.0000)
2024-05-21 01:26:33, INFO: Collision cases: 
2024-05-21 01:26:33, INFO: Timeout cases: 0
2024-05-21 01:26:33, INFO: Optimizing batch
2024-05-21 01:27:18, INFO: TRAIN in episode 40 has success rate: 0.00, collision rate: 0.00, nav time: 25.00±0.000000, total reward: 0.0000)
2024-05-21 01:27:18, INFO: Collision cases: 
2024-05-21 01:27:18, INFO: Timeout cases: 0
2024-05-21 01:27:18, INFO: Optimizing batch
2024-05-21 01:27:56, INFO: TRAIN in episode 41 has success rate: 0.00, collision rate: 0.00, nav time: 25.00±0.000000, total reward: 0.0000)
2024-05-21 01:27:56, INFO: Collision cases: 
2024-05-21 01:27:56, INFO: Timeout cases: 0
2024-05-21 01:27:56, INFO: Optimizing batch
2024-05-21 01:28:37, INFO: TRAIN in episode 42 has success rate: 0.00, collision rate: 0.00, nav time: 25.00±0.000000, total reward: -0.0127)
2024-05-21 01:28:37, INFO: Collision cases: 
2024-05-21 01:28:37, INFO: Timeout cases: 0
2024-05-21 01:28:37, INFO: Optimizing batch
2024-05-21 01:29:15, INFO: TRAIN in episode 43 has success rate: 0.00, collision rate: 0.00, nav time: 25.00±0.000000, total reward: 0.0000)
2024-05-21 01:29:15, INFO: Collision cases: 
2024-05-21 01:29:15, INFO: Timeout cases: 0
2024-05-21 01:29:15, INFO: Optimizing batch
2024-05-21 01:30:00, INFO: TRAIN in episode 44 has success rate: 0.00, collision rate: 0.00, nav time: 25.00±0.000000, total reward: 0.0000)
2024-05-21 01:30:00, INFO: Collision cases: 
2024-05-21 01:30:00, INFO: Timeout cases: 0
2024-05-21 01:30:00, INFO: Optimizing batch
2024-05-21 01:30:44, INFO: TRAIN in episode 45 has success rate: 0.00, collision rate: 0.00, nav time: 25.00±0.000000, total reward: 0.0000)
2024-05-21 01:30:44, INFO: Collision cases: 
2024-05-21 01:30:44, INFO: Timeout cases: 0
2024-05-21 01:30:44, INFO: Optimizing batch
2024-05-21 01:31:25, INFO: TRAIN in episode 46 has success rate: 0.00, collision rate: 0.00, nav time: 25.00±0.000000, total reward: 0.0000)
2024-05-21 01:31:25, INFO: Collision cases: 
2024-05-21 01:31:25, INFO: Timeout cases: 0
2024-05-21 01:31:25, INFO: Optimizing batch
2024-05-21 01:32:02, INFO: TRAIN in episode 47 has success rate: 0.00, collision rate: 0.00, nav time: 25.00±0.000000, total reward: 0.0000)
2024-05-21 01:32:02, INFO: Collision cases: 
2024-05-21 01:32:02, INFO: Timeout cases: 0
2024-05-21 01:32:02, INFO: Optimizing batch
2024-05-21 01:32:46, INFO: TRAIN in episode 48 has success rate: 0.00, collision rate: 0.00, nav time: 25.00±0.000000, total reward: 0.0000)
2024-05-21 01:32:46, INFO: Collision cases: 
2024-05-21 01:32:46, INFO: Timeout cases: 0
2024-05-21 01:32:46, INFO: Optimizing batch
2024-05-21 01:33:26, INFO: TRAIN in episode 49 has success rate: 0.00, collision rate: 0.00, nav time: 25.00±0.000000, total reward: 0.0000)
2024-05-21 01:33:26, INFO: Collision cases: 
2024-05-21 01:33:26, INFO: Timeout cases: 0
2024-05-21 01:33:26, INFO: Optimizing batch
2024-05-21 01:33:28, INFO: target model is being updated
2024-05-21 02:19:38, INFO: VAL   in episode 50 has success rate: 0.00, collision rate: 0.00, nav time: 25.00±0.000000, total reward: 0.0000)
2024-05-21 02:19:38, INFO: some error occured while calcutating the std 
2024-05-21 02:19:38, INFO: Collision cases: 
2024-05-21 02:19:38, INFO: Timeout cases: 0 1 2 3 4 5 6 7 8 9 10 11 12 13 14 15 16 17 18 19 20 21 22 23 24 25 26 27 28 29 30 31 32 33 34 35 36 37 38 39 40 41 42 43 44 45 46 47 48 49
2024-05-21 02:20:04, INFO: TRAIN in episode 50 has success rate: 0.00, collision rate: 0.00, nav time: 25.00±0.000000, total reward: 0.0000)
2024-05-21 02:20:04, INFO: Collision cases: 
2024-05-21 02:20:04, INFO: Timeout cases: 0
2024-05-21 02:20:04, INFO: Optimizing batch
2024-05-21 02:20:35, INFO: TRAIN in episode 51 has success rate: 0.00, collision rate: 0.00, nav time: 25.00±0.000000, total reward: 0.0000)
2024-05-21 02:20:35, INFO: Collision cases: 
2024-05-21 02:20:35, INFO: Timeout cases: 0
2024-05-21 02:20:35, INFO: Optimizing batch
2024-05-21 02:21:02, INFO: TRAIN in episode 52 has success rate: 0.00, collision rate: 0.00, nav time: 25.00±0.000000, total reward: 0.0000)
2024-05-21 02:21:02, INFO: Collision cases: 
2024-05-21 02:21:02, INFO: Timeout cases: 0
2024-05-21 02:21:02, INFO: Optimizing batch
2024-05-21 02:21:28, INFO: TRAIN in episode 53 has success rate: 0.00, collision rate: 0.00, nav time: 25.00±0.000000, total reward: 0.0000)
2024-05-21 02:21:28, INFO: Collision cases: 
2024-05-21 02:21:28, INFO: Timeout cases: 0
2024-05-21 02:21:28, INFO: Optimizing batch
2024-05-21 02:21:52, INFO: TRAIN in episode 54 has success rate: 0.00, collision rate: 0.00, nav time: 25.00±0.000000, total reward: 0.0000)
2024-05-21 02:21:52, INFO: Collision cases: 
2024-05-21 02:21:52, INFO: Timeout cases: 0
2024-05-21 02:21:52, INFO: Optimizing batch
2024-05-21 02:22:21, INFO: TRAIN in episode 55 has success rate: 0.00, collision rate: 0.00, nav time: 25.00±0.000000, total reward: 0.0000)
2024-05-21 02:22:21, INFO: Collision cases: 
2024-05-21 02:22:21, INFO: Timeout cases: 0
2024-05-21 02:22:21, INFO: Optimizing batch
2024-05-21 02:22:43, INFO: TRAIN in episode 56 has success rate: 0.00, collision rate: 0.00, nav time: 25.00±0.000000, total reward: 0.0000)
2024-05-21 02:22:43, INFO: Collision cases: 
2024-05-21 02:22:43, INFO: Timeout cases: 0
2024-05-21 02:22:43, INFO: Optimizing batch
2024-05-21 02:23:09, INFO: TRAIN in episode 57 has success rate: 0.00, collision rate: 0.00, nav time: 25.00±0.000000, total reward: 0.0000)
2024-05-21 02:23:09, INFO: Collision cases: 
2024-05-21 02:23:09, INFO: Timeout cases: 0
2024-05-21 02:23:09, INFO: Optimizing batch
2024-05-21 02:23:34, INFO: TRAIN in episode 58 has success rate: 0.00, collision rate: 0.00, nav time: 25.00±0.000000, total reward: 0.0000)
2024-05-21 02:23:34, INFO: Collision cases: 
2024-05-21 02:23:34, INFO: Timeout cases: 0
2024-05-21 02:23:34, INFO: Optimizing batch
2024-05-21 02:24:01, INFO: TRAIN in episode 59 has success rate: 0.00, collision rate: 0.00, nav time: 25.00±0.000000, total reward: 0.0000)
2024-05-21 02:24:01, INFO: Collision cases: 
2024-05-21 02:24:01, INFO: Timeout cases: 0
2024-05-21 02:24:01, INFO: Optimizing batch
2024-05-21 02:24:31, INFO: TRAIN in episode 60 has success rate: 0.00, collision rate: 0.00, nav time: 25.00±0.000000, total reward: 0.0000)
2024-05-21 02:24:31, INFO: Collision cases: 
2024-05-21 02:24:31, INFO: Timeout cases: 0
2024-05-21 02:24:31, INFO: Optimizing batch
2024-05-21 02:24:54, INFO: TRAIN in episode 61 has success rate: 0.00, collision rate: 0.00, nav time: 25.00±0.000000, total reward: 0.0000)
2024-05-21 02:24:54, INFO: Collision cases: 
2024-05-21 02:24:54, INFO: Timeout cases: 0
2024-05-21 02:24:54, INFO: Optimizing batch
2024-05-21 02:25:22, INFO: TRAIN in episode 62 has success rate: 0.00, collision rate: 0.00, nav time: 25.00±0.000000, total reward: 0.0000)
2024-05-21 02:25:22, INFO: Collision cases: 
2024-05-21 02:25:22, INFO: Timeout cases: 0
2024-05-21 02:25:22, INFO: Optimizing batch
2024-05-21 02:25:47, INFO: TRAIN in episode 63 has success rate: 0.00, collision rate: 0.00, nav time: 25.00±0.000000, total reward: 0.0000)
2024-05-21 02:25:47, INFO: Collision cases: 
2024-05-21 02:25:47, INFO: Timeout cases: 0
2024-05-21 02:25:47, INFO: Optimizing batch
2024-05-21 02:26:09, INFO: TRAIN in episode 64 has success rate: 0.00, collision rate: 0.00, nav time: 25.00±0.000000, total reward: 0.0000)
2024-05-21 02:26:09, INFO: Collision cases: 
2024-05-21 02:26:09, INFO: Timeout cases: 0
2024-05-21 02:26:09, INFO: Optimizing batch
2024-05-21 02:26:39, INFO: TRAIN in episode 65 has success rate: 0.00, collision rate: 0.00, nav time: 25.00±0.000000, total reward: 0.0000)
2024-05-21 02:26:39, INFO: Collision cases: 
2024-05-21 02:26:39, INFO: Timeout cases: 0
2024-05-21 02:26:39, INFO: Optimizing batch
2024-05-21 02:27:05, INFO: TRAIN in episode 66 has success rate: 0.00, collision rate: 0.00, nav time: 25.00±0.000000, total reward: -0.0072)
2024-05-21 02:27:05, INFO: Collision cases: 
2024-05-21 02:27:05, INFO: Timeout cases: 0
2024-05-21 02:27:05, INFO: Optimizing batch
2024-05-21 02:27:30, INFO: TRAIN in episode 67 has success rate: 0.00, collision rate: 0.00, nav time: 25.00±0.000000, total reward: 0.0000)
2024-05-21 02:27:30, INFO: Collision cases: 
2024-05-21 02:27:30, INFO: Timeout cases: 0
2024-05-21 02:27:30, INFO: Optimizing batch
2024-05-21 02:27:56, INFO: TRAIN in episode 68 has success rate: 0.00, collision rate: 0.00, nav time: 25.00±0.000000, total reward: 0.0000)
2024-05-21 02:27:56, INFO: Collision cases: 
2024-05-21 02:27:56, INFO: Timeout cases: 0
2024-05-21 02:27:56, INFO: Optimizing batch
2024-05-21 02:28:21, INFO: TRAIN in episode 69 has success rate: 0.00, collision rate: 0.00, nav time: 25.00±0.000000, total reward: 0.0000)
2024-05-21 02:28:21, INFO: Collision cases: 
2024-05-21 02:28:21, INFO: Timeout cases: 0
2024-05-21 02:28:21, INFO: Optimizing batch
2024-05-21 02:28:49, INFO: TRAIN in episode 70 has success rate: 0.00, collision rate: 0.00, nav time: 25.00±0.000000, total reward: 0.0000)
2024-05-21 02:28:49, INFO: Collision cases: 
2024-05-21 02:28:49, INFO: Timeout cases: 0
2024-05-21 02:28:49, INFO: Optimizing batch
2024-05-21 02:29:18, INFO: TRAIN in episode 71 has success rate: 0.00, collision rate: 0.00, nav time: 25.00±0.000000, total reward: 0.0000)
2024-05-21 02:29:18, INFO: Collision cases: 
2024-05-21 02:29:18, INFO: Timeout cases: 0
2024-05-21 02:29:18, INFO: Optimizing batch
2024-05-21 02:29:46, INFO: TRAIN in episode 72 has success rate: 0.00, collision rate: 0.00, nav time: 25.00±0.000000, total reward: 0.0000)
2024-05-21 02:29:46, INFO: Collision cases: 
2024-05-21 02:29:46, INFO: Timeout cases: 0
2024-05-21 02:29:46, INFO: Optimizing batch
2024-05-21 02:30:13, INFO: TRAIN in episode 73 has success rate: 0.00, collision rate: 0.00, nav time: 25.00±0.000000, total reward: 0.0000)
2024-05-21 02:30:13, INFO: Collision cases: 
2024-05-21 02:30:13, INFO: Timeout cases: 0
2024-05-21 02:30:13, INFO: Optimizing batch
2024-05-21 02:30:39, INFO: TRAIN in episode 74 has success rate: 0.00, collision rate: 0.00, nav time: 25.00±0.000000, total reward: 0.0000)
2024-05-21 02:30:39, INFO: Collision cases: 
2024-05-21 02:30:39, INFO: Timeout cases: 0
2024-05-21 02:30:39, INFO: Optimizing batch
2024-05-21 02:31:05, INFO: TRAIN in episode 75 has success rate: 0.00, collision rate: 0.00, nav time: 25.00±0.000000, total reward: 0.0000)
2024-05-21 02:31:05, INFO: Collision cases: 
2024-05-21 02:31:05, INFO: Timeout cases: 0
2024-05-21 02:31:05, INFO: Optimizing batch
2024-05-21 02:31:31, INFO: TRAIN in episode 76 has success rate: 0.00, collision rate: 0.00, nav time: 25.00±0.000000, total reward: 0.0000)
2024-05-21 02:31:31, INFO: Collision cases: 
2024-05-21 02:31:31, INFO: Timeout cases: 0
2024-05-21 02:31:31, INFO: Optimizing batch
2024-05-21 02:31:58, INFO: TRAIN in episode 77 has success rate: 0.00, collision rate: 0.00, nav time: 25.00±0.000000, total reward: 0.0000)
2024-05-21 02:31:58, INFO: Collision cases: 
2024-05-21 02:31:58, INFO: Timeout cases: 0
2024-05-21 02:31:58, INFO: Optimizing batch
2024-05-21 02:32:27, INFO: TRAIN in episode 78 has success rate: 0.00, collision rate: 0.00, nav time: 25.00±0.000000, total reward: 0.0000)
2024-05-21 02:32:27, INFO: Collision cases: 
2024-05-21 02:32:27, INFO: Timeout cases: 0
2024-05-21 02:32:27, INFO: Optimizing batch
2024-05-21 02:32:55, INFO: TRAIN in episode 79 has success rate: 0.00, collision rate: 0.00, nav time: 25.00±0.000000, total reward: 0.0000)
2024-05-21 02:32:55, INFO: Collision cases: 
2024-05-21 02:32:55, INFO: Timeout cases: 0
2024-05-21 02:32:55, INFO: Optimizing batch
2024-05-21 02:33:21, INFO: TRAIN in episode 80 has success rate: 0.00, collision rate: 0.00, nav time: 25.00±0.000000, total reward: 0.0000)
2024-05-21 02:33:21, INFO: Collision cases: 
2024-05-21 02:33:21, INFO: Timeout cases: 0
2024-05-21 02:33:21, INFO: Optimizing batch
2024-05-21 02:33:46, INFO: TRAIN in episode 81 has success rate: 0.00, collision rate: 0.00, nav time: 25.00±0.000000, total reward: 0.0000)
2024-05-21 02:33:46, INFO: Collision cases: 
2024-05-21 02:33:46, INFO: Timeout cases: 0
2024-05-21 02:33:46, INFO: Optimizing batch
2024-05-21 02:34:15, INFO: TRAIN in episode 82 has success rate: 0.00, collision rate: 0.00, nav time: 25.00±0.000000, total reward: 0.0000)
2024-05-21 02:34:15, INFO: Collision cases: 
2024-05-21 02:34:15, INFO: Timeout cases: 0
2024-05-21 02:34:15, INFO: Optimizing batch
2024-05-21 02:34:40, INFO: TRAIN in episode 83 has success rate: 0.00, collision rate: 0.00, nav time: 25.00±0.000000, total reward: 0.0000)
2024-05-21 02:34:40, INFO: Collision cases: 
2024-05-21 02:34:40, INFO: Timeout cases: 0
2024-05-21 02:34:40, INFO: Optimizing batch
2024-05-21 02:35:05, INFO: TRAIN in episode 84 has success rate: 0.00, collision rate: 0.00, nav time: 25.00±0.000000, total reward: 0.0000)
2024-05-21 02:35:05, INFO: Collision cases: 
2024-05-21 02:35:05, INFO: Timeout cases: 0
2024-05-21 02:35:05, INFO: Optimizing batch
2024-05-21 02:35:33, INFO: TRAIN in episode 85 has success rate: 0.00, collision rate: 0.00, nav time: 25.00±0.000000, total reward: 0.0000)
2024-05-21 02:35:33, INFO: Collision cases: 
2024-05-21 02:35:33, INFO: Timeout cases: 0
2024-05-21 02:35:33, INFO: Optimizing batch
2024-05-21 02:35:56, INFO: TRAIN in episode 86 has success rate: 0.00, collision rate: 0.00, nav time: 25.00±0.000000, total reward: 0.0000)
2024-05-21 02:35:56, INFO: Collision cases: 
2024-05-21 02:35:56, INFO: Timeout cases: 0
2024-05-21 02:35:56, INFO: Optimizing batch
2024-05-21 02:36:23, INFO: TRAIN in episode 87 has success rate: 0.00, collision rate: 0.00, nav time: 25.00±0.000000, total reward: 0.0000)
2024-05-21 02:36:23, INFO: Collision cases: 
2024-05-21 02:36:23, INFO: Timeout cases: 0
2024-05-21 02:36:23, INFO: Optimizing batch
2024-05-21 02:36:46, INFO: TRAIN in episode 88 has success rate: 0.00, collision rate: 0.00, nav time: 25.00±0.000000, total reward: 0.0000)
2024-05-21 02:36:46, INFO: Collision cases: 
2024-05-21 02:36:46, INFO: Timeout cases: 0
2024-05-21 02:36:46, INFO: Optimizing batch
2024-05-21 02:37:14, INFO: TRAIN in episode 89 has success rate: 0.00, collision rate: 0.00, nav time: 25.00±0.000000, total reward: 0.0000)
2024-05-21 02:37:14, INFO: Collision cases: 
2024-05-21 02:37:14, INFO: Timeout cases: 0
2024-05-21 02:37:14, INFO: Optimizing batch
2024-05-21 02:37:43, INFO: TRAIN in episode 90 has success rate: 0.00, collision rate: 0.00, nav time: 25.00±0.000000, total reward: 0.0000)
2024-05-21 02:37:43, INFO: Collision cases: 
2024-05-21 02:37:43, INFO: Timeout cases: 0
2024-05-21 02:37:43, INFO: Optimizing batch
2024-05-21 02:38:11, INFO: TRAIN in episode 91 has success rate: 0.00, collision rate: 0.00, nav time: 25.00±0.000000, total reward: 0.0000)
2024-05-21 02:38:11, INFO: Collision cases: 
2024-05-21 02:38:11, INFO: Timeout cases: 0
2024-05-21 02:38:11, INFO: Optimizing batch
2024-05-21 02:38:40, INFO: TRAIN in episode 92 has success rate: 0.00, collision rate: 0.00, nav time: 25.00±0.000000, total reward: 0.0000)
2024-05-21 02:38:40, INFO: Collision cases: 
2024-05-21 02:38:40, INFO: Timeout cases: 0
2024-05-21 02:38:40, INFO: Optimizing batch
2024-05-21 02:39:07, INFO: TRAIN in episode 93 has success rate: 0.00, collision rate: 0.00, nav time: 25.00±0.000000, total reward: 0.0000)
2024-05-21 02:39:07, INFO: Collision cases: 
2024-05-21 02:39:07, INFO: Timeout cases: 0
2024-05-21 02:39:07, INFO: Optimizing batch
2024-05-21 02:39:39, INFO: TRAIN in episode 94 has success rate: 0.00, collision rate: 0.00, nav time: 25.00±0.000000, total reward: 0.0000)
2024-05-21 02:39:39, INFO: Collision cases: 
2024-05-21 02:39:39, INFO: Timeout cases: 0
2024-05-21 02:39:39, INFO: Optimizing batch
2024-05-21 02:40:06, INFO: TRAIN in episode 95 has success rate: 0.00, collision rate: 0.00, nav time: 25.00±0.000000, total reward: 0.0000)
2024-05-21 02:40:06, INFO: Collision cases: 
2024-05-21 02:40:06, INFO: Timeout cases: 0
2024-05-21 02:40:06, INFO: Optimizing batch
2024-05-21 02:40:30, INFO: TRAIN in episode 96 has success rate: 0.00, collision rate: 0.00, nav time: 25.00±0.000000, total reward: 0.0000)
2024-05-21 02:40:30, INFO: Collision cases: 
2024-05-21 02:40:30, INFO: Timeout cases: 0
2024-05-21 02:40:30, INFO: Optimizing batch
2024-05-21 02:40:32, INFO: TRAIN in episode 97 has success rate: 0.00, collision rate: 1.00, nav time: 25.00±0.000000, total reward: -0.2455)
2024-05-21 02:40:32, INFO: Collision cases: 0
2024-05-21 02:40:32, INFO: Timeout cases: 
2024-05-21 02:40:32, INFO: Optimizing batch
2024-05-21 02:41:04, INFO: TRAIN in episode 98 has success rate: 0.00, collision rate: 0.00, nav time: 25.00±0.000000, total reward: 0.0000)
2024-05-21 02:41:04, INFO: Collision cases: 
2024-05-21 02:41:04, INFO: Timeout cases: 0
2024-05-21 02:41:04, INFO: Optimizing batch
2024-05-21 02:41:33, INFO: TRAIN in episode 99 has success rate: 0.00, collision rate: 0.00, nav time: 25.00±0.000000, total reward: 0.0000)
2024-05-21 02:41:33, INFO: Collision cases: 
2024-05-21 02:41:33, INFO: Timeout cases: 0
2024-05-21 02:41:33, INFO: Optimizing batch
2024-05-21 02:41:34, INFO: target model is being updated
2024-05-21 04:06:38, INFO: TEST  in episode 100 has success rate: 0.00, collision rate: 0.00, nav time: 25.00±0.000000, total reward: -0.0000)
2024-05-21 04:06:38, INFO: Frequency of being in danger: 0.00 and average min separate distance in danger: 0.19±0.0
2024-05-21 04:06:38, INFO: Collision cases: 
2024-05-21 04:06:38, INFO: Timeout cases: 0 1 2 3 4 5 6 7 8 9 10 11 12 13 14 15 16 17 18 19 20 21 22 23 24 25 26 27 28 29 30 31 32 33 34 35 36 37 38 39 40 41 42 43 44 45 46 47 48 49 50 51 52 53 54 55 56 57 58 59 60 61 62 63 64 65 66 67 68 69 70 71 72 73 74 75 76 77 78 79 80 81 82 83 84 85 86 87 88 89 90 91 92 93 94 95 96 97 98 99
