2024-04-12 01:18:33, INFO: Current git head hash code: %s
2024-04-12 01:18:33, INFO: Using device: cuda:0
2024-04-12 01:18:33, INFO: The window size is 1
2024-04-12 01:18:34, INFO: Policy:Naive-MambaRL
2024-04-12 01:18:34, INFO: Env config file: configs/env_multi-test_bl-cr.config
2024-04-12 01:18:34, INFO: human number: 5
2024-04-12 01:18:34, INFO: Randomizing human radius and preferred speed
2024-04-12 01:18:34, INFO: Training simulation: circle_crossing, test simulation: circle_crossing
2024-04-12 01:18:34, INFO: Square width: 10.0, circle width: 4.0
2024-04-12 01:18:34, INFO: Current learning rate: 0.010000
2024-04-12 01:18:47, INFO: TRAIN has success rate: 0.66, collision rate: 0.34, nav time: 9.67±1.499822, total reward: 0.1466)
2024-04-12 01:19:12, INFO: Finish imitation learning. Weights saved.
2024-04-12 01:19:12, INFO: Experience set size: 9903/100000
2024-04-12 01:19:12, INFO: Agent is visible and has holonomic kinematic constraint
2024-04-12 01:19:12, INFO: Current learning rate: 0.001000
2024-04-12 01:30:50, INFO: VAL   in episode 0 has success rate: 0.87, collision rate: 0.13, nav time: 8.61±0.512349, total reward: 0.2973)
2024-04-12 01:30:50, INFO: Frequency of being in danger: 0.15 and average min separate distance in danger: 0.10±0.1
2024-04-12 01:30:58, INFO: TRAIN in episode 0 has success rate: 1.00, collision rate: 0.00, nav time: 21.00±0.000000, total reward: 0.1123)
2024-04-12 01:30:58, INFO: Saving RL model weights.
2024-04-12 01:31:01, INFO: TRAIN in episode 1 has success rate: 0.00, collision rate: 1.00, nav time: 25.00±0.000000, total reward: -0.1280)
2024-04-12 01:31:10, INFO: TRAIN in episode 2 has success rate: 1.00, collision rate: 0.00, nav time: 17.75±0.000000, total reward: 0.1547)
2024-04-12 01:31:20, INFO: TRAIN in episode 3 has success rate: 0.00, collision rate: 0.00, nav time: 25.00±0.000000, total reward: 0.0000)
2024-04-12 01:31:26, INFO: TRAIN in episode 4 has success rate: 0.00, collision rate: 1.00, nav time: 25.00±0.000000, total reward: -0.0916)
2024-04-12 01:31:28, INFO: TRAIN in episode 5 has success rate: 0.00, collision rate: 1.00, nav time: 25.00±0.000000, total reward: -0.2088)
2024-04-12 01:31:31, INFO: TRAIN in episode 6 has success rate: 0.00, collision rate: 1.00, nav time: 25.00±0.000000, total reward: -0.1899)
2024-04-12 01:31:34, INFO: TRAIN in episode 7 has success rate: 0.00, collision rate: 1.00, nav time: 25.00±0.000000, total reward: -0.2015)
2024-04-12 01:31:41, INFO: TRAIN in episode 8 has success rate: 1.00, collision rate: 0.00, nav time: 19.25±0.000000, total reward: 0.1351)
2024-04-12 01:31:44, INFO: TRAIN in episode 9 has success rate: 0.00, collision rate: 1.00, nav time: 25.00±0.000000, total reward: -0.1791)
2024-04-12 01:31:51, INFO: TRAIN in episode 10 has success rate: 1.00, collision rate: 0.00, nav time: 17.00±0.000000, total reward: 0.1637)
2024-04-12 01:31:56, INFO: TRAIN in episode 11 has success rate: 0.00, collision rate: 1.00, nav time: 25.00±0.000000, total reward: -0.1800)
2024-04-12 01:31:57, INFO: TRAIN in episode 12 has success rate: 0.00, collision rate: 1.00, nav time: 25.00±0.000000, total reward: -0.2464)
2024-04-12 01:32:06, INFO: TRAIN in episode 13 has success rate: 1.00, collision rate: 0.00, nav time: 17.75±0.000000, total reward: 0.1582)
2024-04-12 01:32:15, INFO: TRAIN in episode 14 has success rate: 1.00, collision rate: 0.00, nav time: 18.25±0.000000, total reward: 0.1501)
2024-04-12 01:32:20, INFO: TRAIN in episode 15 has success rate: 0.00, collision rate: 1.00, nav time: 25.00±0.000000, total reward: -0.1165)
2024-04-12 01:32:29, INFO: TRAIN in episode 16 has success rate: 1.00, collision rate: 0.00, nav time: 17.00±0.000000, total reward: 0.1712)
2024-04-12 01:32:37, INFO: TRAIN in episode 17 has success rate: 1.00, collision rate: 0.00, nav time: 19.75±0.000000, total reward: 0.1282)
2024-04-12 01:32:41, INFO: TRAIN in episode 18 has success rate: 0.00, collision rate: 1.00, nav time: 25.00±0.000000, total reward: -0.1323)
2024-04-12 01:32:48, INFO: TRAIN in episode 19 has success rate: 0.00, collision rate: 1.00, nav time: 25.00±0.000000, total reward: -0.0911)
2024-04-12 01:32:52, INFO: TRAIN in episode 20 has success rate: 0.00, collision rate: 1.00, nav time: 25.00±0.000000, total reward: -0.1833)
2024-04-12 01:33:00, INFO: TRAIN in episode 21 has success rate: 0.00, collision rate: 1.00, nav time: 25.00±0.000000, total reward: -0.1199)
2024-04-12 01:33:09, INFO: TRAIN in episode 22 has success rate: 1.00, collision rate: 0.00, nav time: 22.25±0.000000, total reward: 0.0985)
2024-04-12 01:33:16, INFO: TRAIN in episode 23 has success rate: 1.00, collision rate: 0.00, nav time: 16.25±0.000000, total reward: 0.1853)
2024-04-12 01:33:20, INFO: TRAIN in episode 24 has success rate: 0.00, collision rate: 1.00, nav time: 25.00±0.000000, total reward: -0.1883)
2024-04-12 01:33:23, INFO: TRAIN in episode 25 has success rate: 0.00, collision rate: 1.00, nav time: 25.00±0.000000, total reward: -0.1340)
2024-04-12 01:33:32, INFO: TRAIN in episode 26 has success rate: 1.00, collision rate: 0.00, nav time: 19.00±0.000000, total reward: 0.1387)
2024-04-12 01:33:35, INFO: TRAIN in episode 27 has success rate: 0.00, collision rate: 1.00, nav time: 25.00±0.000000, total reward: -0.1762)
2024-04-12 01:33:44, INFO: TRAIN in episode 28 has success rate: 1.00, collision rate: 0.00, nav time: 15.25±0.000000, total reward: 0.2059)
2024-04-12 01:33:52, INFO: TRAIN in episode 29 has success rate: 1.00, collision rate: 0.00, nav time: 18.50±0.000000, total reward: 0.1296)
2024-04-12 01:34:00, INFO: TRAIN in episode 30 has success rate: 1.00, collision rate: 0.00, nav time: 15.75±0.000000, total reward: 0.1953)
2024-04-12 01:34:10, INFO: TRAIN in episode 31 has success rate: 1.00, collision rate: 0.00, nav time: 19.50±0.000000, total reward: 0.1316)
2024-04-12 01:34:18, INFO: TRAIN in episode 32 has success rate: 1.00, collision rate: 0.00, nav time: 18.50±0.000000, total reward: 0.1429)
2024-04-12 01:34:27, INFO: TRAIN in episode 33 has success rate: 1.00, collision rate: 0.00, nav time: 23.25±0.000000, total reward: 0.0886)
2024-04-12 01:34:37, INFO: TRAIN in episode 34 has success rate: 1.00, collision rate: 0.00, nav time: 18.25±0.000000, total reward: 0.1403)
2024-04-12 01:34:44, INFO: TRAIN in episode 35 has success rate: 1.00, collision rate: 0.00, nav time: 18.00±0.000000, total reward: 0.1541)
2024-04-12 01:34:52, INFO: TRAIN in episode 36 has success rate: 1.00, collision rate: 0.00, nav time: 18.00±0.000000, total reward: 0.1490)
2024-04-12 01:35:00, INFO: TRAIN in episode 37 has success rate: 1.00, collision rate: 0.00, nav time: 17.25±0.000000, total reward: 0.1597)
2024-04-12 01:35:04, INFO: TRAIN in episode 38 has success rate: 0.00, collision rate: 1.00, nav time: 25.00±0.000000, total reward: -0.1660)
2024-04-12 01:35:07, INFO: TRAIN in episode 39 has success rate: 0.00, collision rate: 1.00, nav time: 25.00±0.000000, total reward: -0.1600)
2024-04-12 01:35:16, INFO: TRAIN in episode 40 has success rate: 1.00, collision rate: 0.00, nav time: 19.00±0.000000, total reward: 0.1387)
2024-04-12 01:35:24, INFO: TRAIN in episode 41 has success rate: 1.00, collision rate: 0.00, nav time: 16.50±0.000000, total reward: 0.1805)
2024-04-12 01:35:32, INFO: TRAIN in episode 42 has success rate: 1.00, collision rate: 0.00, nav time: 23.50±0.000000, total reward: 0.0863)
2024-04-12 01:35:40, INFO: TRAIN in episode 43 has success rate: 1.00, collision rate: 0.00, nav time: 18.50±0.000000, total reward: 0.0974)
2024-04-12 01:35:45, INFO: TRAIN in episode 44 has success rate: 0.00, collision rate: 1.00, nav time: 25.00±0.000000, total reward: -0.1228)
2024-04-12 01:35:46, INFO: TRAIN in episode 45 has success rate: 0.00, collision rate: 1.00, nav time: 25.00±0.000000, total reward: -0.2224)
2024-04-12 01:35:56, INFO: TRAIN in episode 46 has success rate: 1.00, collision rate: 0.00, nav time: 19.00±0.000000, total reward: 0.1369)
2024-04-12 01:36:03, INFO: TRAIN in episode 47 has success rate: 1.00, collision rate: 0.00, nav time: 16.50±0.000000, total reward: 0.1805)
2024-04-12 01:36:07, INFO: TRAIN in episode 48 has success rate: 0.00, collision rate: 1.00, nav time: 25.00±0.000000, total reward: -0.1553)
2024-04-12 01:36:08, INFO: TRAIN in episode 49 has success rate: 0.00, collision rate: 1.00, nav time: 25.00±0.000000, total reward: -0.2135)
2024-04-12 01:36:11, INFO: TRAIN in episode 50 has success rate: 0.00, collision rate: 1.00, nav time: 25.00±0.000000, total reward: -0.2074)
2024-04-12 01:36:14, INFO: TRAIN in episode 51 has success rate: 0.00, collision rate: 1.00, nav time: 25.00±0.000000, total reward: -0.1896)
2024-04-12 01:36:22, INFO: TRAIN in episode 52 has success rate: 1.00, collision rate: 0.00, nav time: 15.00±0.000000, total reward: 0.1982)
2024-04-12 01:36:27, INFO: TRAIN in episode 53 has success rate: 0.00, collision rate: 1.00, nav time: 25.00±0.000000, total reward: -0.1620)
2024-04-12 01:36:35, INFO: TRAIN in episode 54 has success rate: 1.00, collision rate: 0.00, nav time: 16.00±0.000000, total reward: 0.1418)
2024-04-12 01:36:45, INFO: TRAIN in episode 55 has success rate: 1.00, collision rate: 0.00, nav time: 15.00±0.000000, total reward: 0.2103)
2024-04-12 01:36:48, INFO: TRAIN in episode 56 has success rate: 0.00, collision rate: 1.00, nav time: 25.00±0.000000, total reward: -0.1456)
2024-04-12 01:36:52, INFO: TRAIN in episode 57 has success rate: 0.00, collision rate: 1.00, nav time: 25.00±0.000000, total reward: -0.1516)
2024-04-12 01:37:00, INFO: TRAIN in episode 58 has success rate: 1.00, collision rate: 0.00, nav time: 17.50±0.000000, total reward: 0.1624)
2024-04-12 01:37:09, INFO: TRAIN in episode 59 has success rate: 1.00, collision rate: 0.00, nav time: 15.50±0.000000, total reward: 0.2005)
2024-04-12 01:37:13, INFO: TRAIN in episode 60 has success rate: 0.00, collision rate: 1.00, nav time: 25.00±0.000000, total reward: -0.1165)
2024-04-12 01:37:21, INFO: TRAIN in episode 61 has success rate: 1.00, collision rate: 0.00, nav time: 17.00±0.000000, total reward: 0.1712)
2024-04-12 01:37:26, INFO: TRAIN in episode 62 has success rate: 0.00, collision rate: 1.00, nav time: 25.00±0.000000, total reward: -0.1343)
2024-04-12 01:37:34, INFO: TRAIN in episode 63 has success rate: 1.00, collision rate: 0.00, nav time: 16.00±0.000000, total reward: 0.1258)
2024-04-12 01:37:42, INFO: TRAIN in episode 64 has success rate: 1.00, collision rate: 0.00, nav time: 22.00±0.000000, total reward: 0.0947)
2024-04-12 01:37:44, INFO: TRAIN in episode 65 has success rate: 0.00, collision rate: 1.00, nav time: 25.00±0.000000, total reward: -0.2164)
2024-04-12 01:37:54, INFO: TRAIN in episode 66 has success rate: 1.00, collision rate: 0.00, nav time: 19.75±0.000000, total reward: 0.1282)
2024-04-12 01:37:57, INFO: TRAIN in episode 67 has success rate: 0.00, collision rate: 1.00, nav time: 25.00±0.000000, total reward: -0.2329)
2024-04-12 01:38:03, INFO: TRAIN in episode 68 has success rate: 0.00, collision rate: 1.00, nav time: 25.00±0.000000, total reward: -0.2229)
2024-04-12 01:38:06, INFO: TRAIN in episode 69 has success rate: 0.00, collision rate: 1.00, nav time: 25.00±0.000000, total reward: -0.1585)
2024-04-12 01:38:09, INFO: TRAIN in episode 70 has success rate: 0.00, collision rate: 1.00, nav time: 25.00±0.000000, total reward: -0.1346)
2024-04-12 01:38:17, INFO: TRAIN in episode 71 has success rate: 1.00, collision rate: 0.00, nav time: 18.50±0.000000, total reward: 0.1037)
2024-04-12 01:38:20, INFO: TRAIN in episode 72 has success rate: 0.00, collision rate: 1.00, nav time: 25.00±0.000000, total reward: -0.1750)
2024-04-12 01:38:28, INFO: TRAIN in episode 73 has success rate: 1.00, collision rate: 0.00, nav time: 15.75±0.000000, total reward: 0.1010)
2024-04-12 01:38:36, INFO: TRAIN in episode 74 has success rate: 1.00, collision rate: 0.00, nav time: 13.75±0.000000, total reward: 0.2411)
2024-04-12 01:38:40, INFO: TRAIN in episode 75 has success rate: 0.00, collision rate: 1.00, nav time: 25.00±0.000000, total reward: -0.2196)
2024-04-12 01:38:51, INFO: TRAIN in episode 76 has success rate: 0.00, collision rate: 0.00, nav time: 25.00±0.000000, total reward: 0.0000)
2024-04-12 01:39:00, INFO: TRAIN in episode 77 has success rate: 1.00, collision rate: 0.00, nav time: 17.50±0.000000, total reward: 0.0025)
2024-04-12 01:39:07, INFO: TRAIN in episode 78 has success rate: 0.00, collision rate: 1.00, nav time: 25.00±0.000000, total reward: -0.0923)
2024-04-12 01:39:11, INFO: TRAIN in episode 79 has success rate: 0.00, collision rate: 1.00, nav time: 25.00±0.000000, total reward: -0.1440)
2024-04-12 01:39:20, INFO: TRAIN in episode 80 has success rate: 1.00, collision rate: 0.00, nav time: 20.00±0.000000, total reward: 0.1248)
2024-04-12 01:39:23, INFO: TRAIN in episode 81 has success rate: 0.00, collision rate: 1.00, nav time: 25.00±0.000000, total reward: -0.1534)
2024-04-12 01:39:23, INFO: TRAIN in episode 82 has success rate: 0.00, collision rate: 1.00, nav time: 25.00±0.000000, total reward: -0.2435)
2024-04-12 01:39:33, INFO: TRAIN in episode 83 has success rate: 1.00, collision rate: 0.00, nav time: 15.25±0.000000, total reward: 0.2059)
2024-04-12 01:39:36, INFO: TRAIN in episode 84 has success rate: 0.00, collision rate: 1.00, nav time: 25.00±0.000000, total reward: -0.1412)
2024-04-12 01:39:39, INFO: TRAIN in episode 85 has success rate: 0.00, collision rate: 1.00, nav time: 25.00±0.000000, total reward: -0.2407)
2024-04-12 01:39:48, INFO: TRAIN in episode 86 has success rate: 1.00, collision rate: 0.00, nav time: 20.50±0.000000, total reward: 0.1184)
2024-04-12 01:39:56, INFO: TRAIN in episode 87 has success rate: 1.00, collision rate: 0.00, nav time: 19.25±0.000000, total reward: 0.0495)
2024-04-12 01:40:00, INFO: TRAIN in episode 88 has success rate: 0.00, collision rate: 1.00, nav time: 25.00±0.000000, total reward: -0.1400)
2024-04-12 01:40:02, INFO: TRAIN in episode 89 has success rate: 0.00, collision rate: 1.00, nav time: 25.00±0.000000, total reward: -0.1823)
2024-04-12 01:40:10, INFO: TRAIN in episode 90 has success rate: 1.00, collision rate: 0.00, nav time: 13.50±0.000000, total reward: 0.1693)
2024-04-12 01:40:21, INFO: TRAIN in episode 91 has success rate: 1.00, collision rate: 0.00, nav time: 23.50±0.000000, total reward: 0.0863)
2024-04-12 01:40:29, INFO: TRAIN in episode 92 has success rate: 1.00, collision rate: 0.00, nav time: 18.75±0.000000, total reward: 0.1424)
2024-04-12 01:40:38, INFO: TRAIN in episode 93 has success rate: 1.00, collision rate: 0.00, nav time: 15.00±0.000000, total reward: 0.1552)
2024-04-12 01:40:46, INFO: TRAIN in episode 94 has success rate: 1.00, collision rate: 0.00, nav time: 16.50±0.000000, total reward: 0.1805)
2024-04-12 01:40:54, INFO: TRAIN in episode 95 has success rate: 1.00, collision rate: 0.00, nav time: 15.00±0.000000, total reward: 0.2114)
2024-04-12 01:41:05, INFO: TRAIN in episode 96 has success rate: 1.00, collision rate: 0.00, nav time: 21.00±0.000000, total reward: 0.1088)
2024-04-12 01:41:13, INFO: TRAIN in episode 97 has success rate: 0.00, collision rate: 1.00, nav time: 25.00±0.000000, total reward: -0.0546)
2024-04-12 01:41:21, INFO: TRAIN in episode 98 has success rate: 1.00, collision rate: 0.00, nav time: 14.75±0.000000, total reward: 0.2170)
2024-04-12 01:41:28, INFO: TRAIN in episode 99 has success rate: 1.00, collision rate: 0.00, nav time: 19.00±0.000000, total reward: 0.1387)
2024-04-12 01:41:30, INFO: TRAIN in episode 100 has success rate: 0.00, collision rate: 1.00, nav time: 25.00±0.000000, total reward: -0.1642)
2024-04-12 01:41:33, INFO: TRAIN in episode 101 has success rate: 0.00, collision rate: 1.00, nav time: 25.00±0.000000, total reward: -0.1372)
2024-04-12 01:41:44, INFO: TRAIN in episode 102 has success rate: 1.00, collision rate: 0.00, nav time: 20.75±0.000000, total reward: 0.1113)
2024-04-12 01:41:52, INFO: TRAIN in episode 103 has success rate: 1.00, collision rate: 0.00, nav time: 19.00±0.000000, total reward: 0.1387)
2024-04-12 01:41:56, INFO: TRAIN in episode 104 has success rate: 0.00, collision rate: 1.00, nav time: 25.00±0.000000, total reward: -0.1622)
2024-04-12 01:42:01, INFO: TRAIN in episode 105 has success rate: 0.00, collision rate: 1.00, nav time: 25.00±0.000000, total reward: -0.1366)
2024-04-12 01:42:11, INFO: TRAIN in episode 106 has success rate: 1.00, collision rate: 0.00, nav time: 16.75±0.000000, total reward: 0.1594)
2024-04-12 01:42:12, INFO: TRAIN in episode 107 has success rate: 0.00, collision rate: 1.00, nav time: 25.00±0.000000, total reward: -0.2449)
2024-04-12 01:42:16, INFO: TRAIN in episode 108 has success rate: 0.00, collision rate: 1.00, nav time: 25.00±0.000000, total reward: -0.1385)
2024-04-12 01:42:24, INFO: TRAIN in episode 109 has success rate: 1.00, collision rate: 0.00, nav time: 17.00±0.000000, total reward: 0.1712)
2024-04-12 01:42:33, INFO: TRAIN in episode 110 has success rate: 0.00, collision rate: 0.00, nav time: 25.00±0.000000, total reward: 0.0000)
2024-04-12 01:42:41, INFO: TRAIN in episode 111 has success rate: 1.00, collision rate: 0.00, nav time: 14.00±0.000000, total reward: 0.2349)
2024-04-12 01:42:44, INFO: TRAIN in episode 112 has success rate: 0.00, collision rate: 1.00, nav time: 25.00±0.000000, total reward: -0.1113)
2024-04-12 01:42:56, INFO: TRAIN in episode 113 has success rate: 1.00, collision rate: 0.00, nav time: 22.00±0.000000, total reward: 0.0659)
2024-04-12 01:42:59, INFO: TRAIN in episode 114 has success rate: 0.00, collision rate: 1.00, nav time: 25.00±0.000000, total reward: -0.1746)
2024-04-12 01:43:08, INFO: TRAIN in episode 115 has success rate: 1.00, collision rate: 0.00, nav time: 18.00±0.000000, total reward: 0.1507)
2024-04-12 01:43:19, INFO: TRAIN in episode 116 has success rate: 0.00, collision rate: 0.00, nav time: 25.00±0.000000, total reward: 0.0000)
2024-04-12 01:43:29, INFO: TRAIN in episode 117 has success rate: 1.00, collision rate: 0.00, nav time: 18.50±0.000000, total reward: 0.1456)
2024-04-12 01:43:38, INFO: TRAIN in episode 118 has success rate: 1.00, collision rate: 0.00, nav time: 21.00±0.000000, total reward: 0.1123)
2024-04-12 01:43:42, INFO: TRAIN in episode 119 has success rate: 0.00, collision rate: 1.00, nav time: 25.00±0.000000, total reward: -0.1347)
2024-04-12 01:43:52, INFO: TRAIN in episode 120 has success rate: 1.00, collision rate: 0.00, nav time: 19.50±0.000000, total reward: 0.0216)
2024-04-12 01:44:00, INFO: TRAIN in episode 121 has success rate: 1.00, collision rate: 0.00, nav time: 17.75±0.000000, total reward: 0.1582)
2024-04-12 01:44:08, INFO: TRAIN in episode 122 has success rate: 1.00, collision rate: 0.00, nav time: 12.00±0.000000, total reward: 0.2789)
2024-04-12 01:44:17, INFO: TRAIN in episode 123 has success rate: 1.00, collision rate: 0.00, nav time: 21.25±0.000000, total reward: 0.1094)
2024-04-12 01:44:24, INFO: TRAIN in episode 124 has success rate: 0.00, collision rate: 1.00, nav time: 25.00±0.000000, total reward: -0.0827)
2024-04-12 01:44:32, INFO: TRAIN in episode 125 has success rate: 1.00, collision rate: 0.00, nav time: 14.25±0.000000, total reward: 0.2288)
2024-04-12 01:44:42, INFO: TRAIN in episode 126 has success rate: 1.00, collision rate: 0.00, nav time: 22.50±0.000000, total reward: 0.0959)
2024-04-12 01:44:52, INFO: TRAIN in episode 127 has success rate: 1.00, collision rate: 0.00, nav time: 21.50±0.000000, total reward: 0.1055)
2024-04-12 01:44:59, INFO: TRAIN in episode 128 has success rate: 0.00, collision rate: 1.00, nav time: 25.00±0.000000, total reward: -0.0756)
2024-04-12 01:45:02, INFO: TRAIN in episode 129 has success rate: 0.00, collision rate: 1.00, nav time: 25.00±0.000000, total reward: -0.1120)
2024-04-12 01:45:10, INFO: TRAIN in episode 130 has success rate: 1.00, collision rate: 0.00, nav time: 14.50±0.000000, total reward: 0.2228)
2024-04-12 01:45:19, INFO: TRAIN in episode 131 has success rate: 1.00, collision rate: 0.00, nav time: 18.75±0.000000, total reward: 0.1424)
2024-04-12 01:45:27, INFO: TRAIN in episode 132 has success rate: 1.00, collision rate: 0.00, nav time: 14.50±0.000000, total reward: 0.1756)
2024-04-12 01:45:37, INFO: TRAIN in episode 133 has success rate: 0.00, collision rate: 0.00, nav time: 25.00±0.000000, total reward: 0.0000)
2024-04-12 01:45:43, INFO: TRAIN in episode 134 has success rate: 0.00, collision rate: 1.00, nav time: 25.00±0.000000, total reward: -0.1009)
2024-04-12 01:45:52, INFO: TRAIN in episode 135 has success rate: 1.00, collision rate: 0.00, nav time: 20.50±0.000000, total reward: 0.1184)
2024-04-12 01:46:02, INFO: TRAIN in episode 136 has success rate: 0.00, collision rate: 0.00, nav time: 25.00±0.000000, total reward: 0.0000)
2024-04-12 01:46:06, INFO: TRAIN in episode 137 has success rate: 0.00, collision rate: 1.00, nav time: 25.00±0.000000, total reward: -0.1650)
2024-04-12 01:46:11, INFO: TRAIN in episode 138 has success rate: 0.00, collision rate: 1.00, nav time: 25.00±0.000000, total reward: -0.1433)
2024-04-12 01:46:19, INFO: TRAIN in episode 139 has success rate: 1.00, collision rate: 0.00, nav time: 16.50±0.000000, total reward: 0.1798)
2024-04-12 01:46:28, INFO: TRAIN in episode 140 has success rate: 1.00, collision rate: 0.00, nav time: 14.75±0.000000, total reward: 0.2154)
2024-04-12 01:46:32, INFO: TRAIN in episode 141 has success rate: 0.00, collision rate: 1.00, nav time: 25.00±0.000000, total reward: -0.1494)
2024-04-12 01:46:41, INFO: TRAIN in episode 142 has success rate: 1.00, collision rate: 0.00, nav time: 16.25±0.000000, total reward: 0.0838)
2024-04-12 01:46:44, INFO: TRAIN in episode 143 has success rate: 0.00, collision rate: 1.00, nav time: 25.00±0.000000, total reward: -0.1628)
2024-04-12 01:46:48, INFO: TRAIN in episode 144 has success rate: 0.00, collision rate: 1.00, nav time: 25.00±0.000000, total reward: -0.1248)
2024-04-12 01:46:59, INFO: TRAIN in episode 145 has success rate: 0.00, collision rate: 0.00, nav time: 25.00±0.000000, total reward: 0.0000)
2024-04-12 01:47:07, INFO: TRAIN in episode 146 has success rate: 1.00, collision rate: 0.00, nav time: 17.25±0.000000, total reward: 0.1668)
2024-04-12 01:47:10, INFO: TRAIN in episode 147 has success rate: 0.00, collision rate: 1.00, nav time: 25.00±0.000000, total reward: -0.1463)
2024-04-12 01:47:21, INFO: TRAIN in episode 148 has success rate: 1.00, collision rate: 0.00, nav time: 23.25±0.000000, total reward: 0.0886)
2024-04-12 01:47:30, INFO: TRAIN in episode 149 has success rate: 1.00, collision rate: 0.00, nav time: 21.50±0.000000, total reward: 0.0947)
2024-04-12 01:47:35, INFO: TRAIN in episode 150 has success rate: 0.00, collision rate: 1.00, nav time: 25.00±0.000000, total reward: -0.1927)
2024-04-12 01:47:43, INFO: TRAIN in episode 151 has success rate: 1.00, collision rate: 0.00, nav time: 16.25±0.000000, total reward: 0.1807)
2024-04-12 01:47:45, INFO: TRAIN in episode 152 has success rate: 0.00, collision rate: 1.00, nav time: 25.00±0.000000, total reward: -0.2447)
2024-04-12 01:47:48, INFO: TRAIN in episode 153 has success rate: 0.00, collision rate: 1.00, nav time: 25.00±0.000000, total reward: -0.1158)
2024-04-12 01:47:58, INFO: TRAIN in episode 154 has success rate: 1.00, collision rate: 0.00, nav time: 20.25±0.000000, total reward: 0.1216)
2024-04-12 01:48:08, INFO: TRAIN in episode 155 has success rate: 1.00, collision rate: 0.00, nav time: 19.75±0.000000, total reward: 0.1282)
2024-04-12 01:48:12, INFO: TRAIN in episode 156 has success rate: 0.00, collision rate: 1.00, nav time: 25.00±0.000000, total reward: -0.1134)
2024-04-12 01:48:21, INFO: TRAIN in episode 157 has success rate: 1.00, collision rate: 0.00, nav time: 16.00±0.000000, total reward: 0.1902)
2024-04-12 01:48:29, INFO: TRAIN in episode 158 has success rate: 1.00, collision rate: 0.00, nav time: 14.25±0.000000, total reward: 0.2033)
2024-04-12 01:48:34, INFO: TRAIN in episode 159 has success rate: 0.00, collision rate: 1.00, nav time: 25.00±0.000000, total reward: -0.1470)
2024-04-12 01:48:37, INFO: TRAIN in episode 160 has success rate: 0.00, collision rate: 1.00, nav time: 25.00±0.000000, total reward: -0.1364)
2024-04-12 01:48:38, INFO: TRAIN in episode 161 has success rate: 0.00, collision rate: 1.00, nav time: 25.00±0.000000, total reward: -0.2649)
2024-04-12 01:48:42, INFO: TRAIN in episode 162 has success rate: 0.00, collision rate: 1.00, nav time: 25.00±0.000000, total reward: -0.1819)
2024-04-12 01:48:53, INFO: TRAIN in episode 163 has success rate: 0.00, collision rate: 0.00, nav time: 25.00±0.000000, total reward: 0.0000)
2024-04-12 01:49:02, INFO: TRAIN in episode 164 has success rate: 1.00, collision rate: 0.00, nav time: 18.25±0.000000, total reward: 0.1501)
2024-04-12 01:49:06, INFO: TRAIN in episode 165 has success rate: 0.00, collision rate: 1.00, nav time: 25.00±0.000000, total reward: -0.1613)
2024-04-12 01:49:15, INFO: TRAIN in episode 166 has success rate: 1.00, collision rate: 0.00, nav time: 16.75±0.000000, total reward: 0.1756)
2024-04-12 01:49:26, INFO: TRAIN in episode 167 has success rate: 1.00, collision rate: 0.00, nav time: 21.75±0.000000, total reward: 0.1038)
2024-04-12 01:49:35, INFO: TRAIN in episode 168 has success rate: 1.00, collision rate: 0.00, nav time: 20.25±0.000000, total reward: 0.1008)
2024-04-12 01:49:44, INFO: TRAIN in episode 169 has success rate: 1.00, collision rate: 0.00, nav time: 17.25±0.000000, total reward: 0.1668)
2024-04-12 01:49:53, INFO: TRAIN in episode 170 has success rate: 1.00, collision rate: 0.00, nav time: 16.50±0.000000, total reward: 0.0497)
2024-04-12 01:50:03, INFO: TRAIN in episode 171 has success rate: 1.00, collision rate: 0.00, nav time: 18.25±0.000000, total reward: 0.1348)
2024-04-12 01:50:13, INFO: TRAIN in episode 172 has success rate: 1.00, collision rate: 0.00, nav time: 18.75±0.000000, total reward: 0.1424)
2024-04-12 01:50:18, INFO: TRAIN in episode 173 has success rate: 0.00, collision rate: 1.00, nav time: 25.00±0.000000, total reward: -0.1491)
2024-04-12 01:50:27, INFO: TRAIN in episode 174 has success rate: 1.00, collision rate: 0.00, nav time: 19.25±0.000000, total reward: 0.1351)
2024-04-12 01:50:30, INFO: TRAIN in episode 175 has success rate: 0.00, collision rate: 1.00, nav time: 25.00±0.000000, total reward: -0.1536)
2024-04-12 01:50:32, INFO: TRAIN in episode 176 has success rate: 0.00, collision rate: 1.00, nav time: 25.00±0.000000, total reward: -0.1763)
2024-04-12 01:50:40, INFO: TRAIN in episode 177 has success rate: 1.00, collision rate: 0.00, nav time: 15.25±0.000000, total reward: 0.1270)
2024-04-12 01:50:48, INFO: TRAIN in episode 178 has success rate: 1.00, collision rate: 0.00, nav time: 15.75±0.000000, total reward: 0.1953)
2024-04-12 01:50:52, INFO: TRAIN in episode 179 has success rate: 0.00, collision rate: 1.00, nav time: 25.00±0.000000, total reward: -0.1201)
2024-04-12 01:51:01, INFO: TRAIN in episode 180 has success rate: 1.00, collision rate: 0.00, nav time: 18.00±0.000000, total reward: 0.1514)
2024-04-12 01:51:10, INFO: TRAIN in episode 181 has success rate: 0.00, collision rate: 1.00, nav time: 25.00±0.000000, total reward: -0.0853)
2024-04-12 01:51:13, INFO: TRAIN in episode 182 has success rate: 0.00, collision rate: 1.00, nav time: 25.00±0.000000, total reward: -0.2120)
2024-04-12 01:51:17, INFO: TRAIN in episode 183 has success rate: 0.00, collision rate: 1.00, nav time: 25.00±0.000000, total reward: -0.1314)
2024-04-12 01:51:25, INFO: TRAIN in episode 184 has success rate: 1.00, collision rate: 0.00, nav time: 17.50±0.000000, total reward: 0.1421)
2024-04-12 01:51:34, INFO: TRAIN in episode 185 has success rate: 1.00, collision rate: 0.00, nav time: 18.25±0.000000, total reward: 0.1501)
2024-04-12 01:51:44, INFO: TRAIN in episode 186 has success rate: 1.00, collision rate: 0.00, nav time: 18.50±0.000000, total reward: 0.1462)
2024-04-12 01:51:53, INFO: TRAIN in episode 187 has success rate: 1.00, collision rate: 0.00, nav time: 14.75±0.000000, total reward: 0.2170)
2024-04-12 01:52:05, INFO: TRAIN in episode 188 has success rate: 1.00, collision rate: 0.00, nav time: 22.50±0.000000, total reward: 0.0830)
2024-04-12 01:52:14, INFO: TRAIN in episode 189 has success rate: 1.00, collision rate: 0.00, nav time: 20.50±0.000000, total reward: 0.1184)
2024-04-12 01:52:17, INFO: TRAIN in episode 190 has success rate: 0.00, collision rate: 1.00, nav time: 25.00±0.000000, total reward: -0.1669)
2024-04-12 01:52:26, INFO: TRAIN in episode 191 has success rate: 1.00, collision rate: 0.00, nav time: 16.75±0.000000, total reward: 0.1758)
2024-04-12 01:52:39, INFO: TRAIN in episode 192 has success rate: 0.00, collision rate: 0.00, nav time: 25.00±0.000000, total reward: 0.0000)
2024-04-12 01:52:47, INFO: TRAIN in episode 193 has success rate: 0.00, collision rate: 0.00, nav time: 25.00±0.000000, total reward: 0.0000)
2024-04-12 01:52:49, INFO: TRAIN in episode 194 has success rate: 0.00, collision rate: 1.00, nav time: 25.00±0.000000, total reward: -0.1972)
2024-04-12 01:52:51, INFO: TRAIN in episode 195 has success rate: 0.00, collision rate: 1.00, nav time: 25.00±0.000000, total reward: -0.2103)
2024-04-12 01:52:54, INFO: TRAIN in episode 196 has success rate: 0.00, collision rate: 1.00, nav time: 25.00±0.000000, total reward: -0.1556)
2024-04-12 01:52:58, INFO: TRAIN in episode 197 has success rate: 0.00, collision rate: 1.00, nav time: 25.00±0.000000, total reward: -0.1101)
2024-04-12 01:53:07, INFO: TRAIN in episode 198 has success rate: 1.00, collision rate: 0.00, nav time: 18.00±0.000000, total reward: 0.1541)
2024-04-12 01:53:13, INFO: TRAIN in episode 199 has success rate: 0.00, collision rate: 1.00, nav time: 25.00±0.000000, total reward: -0.1247)
2024-04-12 01:53:17, INFO: TRAIN in episode 200 has success rate: 0.00, collision rate: 1.00, nav time: 25.00±0.000000, total reward: -0.1242)
2024-04-12 01:53:21, INFO: TRAIN in episode 201 has success rate: 0.00, collision rate: 1.00, nav time: 25.00±0.000000, total reward: -0.1383)
2024-04-12 01:53:23, INFO: TRAIN in episode 202 has success rate: 0.00, collision rate: 1.00, nav time: 25.00±0.000000, total reward: -0.1823)
2024-04-12 01:53:32, INFO: TRAIN in episode 203 has success rate: 1.00, collision rate: 0.00, nav time: 19.25±0.000000, total reward: 0.1168)
2024-04-12 01:53:36, INFO: TRAIN in episode 204 has success rate: 0.00, collision rate: 1.00, nav time: 25.00±0.000000, total reward: -0.1323)
2024-04-12 01:53:44, INFO: TRAIN in episode 205 has success rate: 1.00, collision rate: 0.00, nav time: 15.00±0.000000, total reward: 0.1758)
2024-04-12 01:53:52, INFO: TRAIN in episode 206 has success rate: 1.00, collision rate: 0.00, nav time: 15.25±0.000000, total reward: 0.1778)
2024-04-12 01:53:55, INFO: TRAIN in episode 207 has success rate: 0.00, collision rate: 1.00, nav time: 25.00±0.000000, total reward: -0.1743)
2024-04-12 01:54:07, INFO: TRAIN in episode 208 has success rate: 1.00, collision rate: 0.00, nav time: 21.00±0.000000, total reward: 0.0818)
2024-04-12 01:54:18, INFO: TRAIN in episode 209 has success rate: 0.00, collision rate: 0.00, nav time: 25.00±0.000000, total reward: -0.0092)
2024-04-12 01:54:26, INFO: TRAIN in episode 210 has success rate: 0.00, collision rate: 1.00, nav time: 25.00±0.000000, total reward: -0.0570)
2024-04-12 01:54:30, INFO: TRAIN in episode 211 has success rate: 0.00, collision rate: 1.00, nav time: 25.00±0.000000, total reward: -0.1196)
2024-04-12 01:54:39, INFO: TRAIN in episode 212 has success rate: 1.00, collision rate: 0.00, nav time: 16.25±0.000000, total reward: 0.1745)
2024-04-12 01:54:42, INFO: TRAIN in episode 213 has success rate: 0.00, collision rate: 1.00, nav time: 25.00±0.000000, total reward: -0.2427)
2024-04-12 01:54:50, INFO: TRAIN in episode 214 has success rate: 1.00, collision rate: 0.00, nav time: 13.75±0.000000, total reward: 0.1333)
2024-04-12 01:54:55, INFO: TRAIN in episode 215 has success rate: 0.00, collision rate: 1.00, nav time: 25.00±0.000000, total reward: -0.0974)
2024-04-12 01:55:00, INFO: TRAIN in episode 216 has success rate: 0.00, collision rate: 1.00, nav time: 25.00±0.000000, total reward: -0.1717)
2024-04-12 01:55:10, INFO: TRAIN in episode 217 has success rate: 1.00, collision rate: 0.00, nav time: 19.00±0.000000, total reward: 0.1386)
2024-04-12 01:55:13, INFO: TRAIN in episode 218 has success rate: 0.00, collision rate: 1.00, nav time: 25.00±0.000000, total reward: -0.2675)
2024-04-12 01:55:18, INFO: TRAIN in episode 219 has success rate: 0.00, collision rate: 1.00, nav time: 25.00±0.000000, total reward: -0.1209)
2024-04-12 01:55:28, INFO: TRAIN in episode 220 has success rate: 1.00, collision rate: 0.00, nav time: 16.75±0.000000, total reward: 0.1758)
2024-04-12 01:55:35, INFO: TRAIN in episode 221 has success rate: 1.00, collision rate: 0.00, nav time: 15.25±0.000000, total reward: 0.1409)
2024-04-12 01:55:38, INFO: TRAIN in episode 222 has success rate: 0.00, collision rate: 1.00, nav time: 25.00±0.000000, total reward: -0.1969)
2024-04-12 01:55:42, INFO: TRAIN in episode 223 has success rate: 0.00, collision rate: 1.00, nav time: 25.00±0.000000, total reward: -0.1376)
2024-04-12 01:55:51, INFO: TRAIN in episode 224 has success rate: 1.00, collision rate: 0.00, nav time: 18.75±0.000000, total reward: 0.1424)
2024-04-12 01:55:54, INFO: TRAIN in episode 225 has success rate: 0.00, collision rate: 1.00, nav time: 25.00±0.000000, total reward: -0.1696)
2024-04-12 01:55:58, INFO: TRAIN in episode 226 has success rate: 0.00, collision rate: 1.00, nav time: 25.00±0.000000, total reward: -0.1571)
2024-04-12 01:56:01, INFO: TRAIN in episode 227 has success rate: 0.00, collision rate: 1.00, nav time: 25.00±0.000000, total reward: -0.1823)
2024-04-12 01:56:09, INFO: TRAIN in episode 228 has success rate: 1.00, collision rate: 0.00, nav time: 15.25±0.000000, total reward: 0.2020)
2024-04-12 01:56:13, INFO: TRAIN in episode 229 has success rate: 0.00, collision rate: 1.00, nav time: 25.00±0.000000, total reward: -0.1464)
2024-04-12 01:56:21, INFO: TRAIN in episode 230 has success rate: 1.00, collision rate: 0.00, nav time: 15.00±0.000000, total reward: 0.2114)
2024-04-12 01:56:29, INFO: TRAIN in episode 231 has success rate: 1.00, collision rate: 0.00, nav time: 15.50±0.000000, total reward: 0.1861)
2024-04-12 01:56:33, INFO: TRAIN in episode 232 has success rate: 0.00, collision rate: 1.00, nav time: 25.00±0.000000, total reward: -0.1196)
2024-04-12 01:56:42, INFO: TRAIN in episode 233 has success rate: 1.00, collision rate: 0.00, nav time: 17.75±0.000000, total reward: 0.1533)
2024-04-12 01:56:52, INFO: TRAIN in episode 234 has success rate: 1.00, collision rate: 0.00, nav time: 19.25±0.000000, total reward: 0.1351)
2024-04-12 01:57:04, INFO: TRAIN in episode 235 has success rate: 0.00, collision rate: 0.00, nav time: 25.00±0.000000, total reward: -0.0329)
2024-04-12 01:57:05, INFO: TRAIN in episode 236 has success rate: 0.00, collision rate: 1.00, nav time: 25.00±0.000000, total reward: -0.2321)
2024-04-12 01:57:09, INFO: TRAIN in episode 237 has success rate: 0.00, collision rate: 1.00, nav time: 25.00±0.000000, total reward: -0.2123)
2024-04-12 01:57:14, INFO: TRAIN in episode 238 has success rate: 0.00, collision rate: 1.00, nav time: 25.00±0.000000, total reward: -0.1711)
2024-04-12 01:57:22, INFO: TRAIN in episode 239 has success rate: 1.00, collision rate: 0.00, nav time: 15.50±0.000000, total reward: 0.1862)
2024-04-12 01:57:32, INFO: TRAIN in episode 240 has success rate: 1.00, collision rate: 0.00, nav time: 19.75±0.000000, total reward: 0.1278)
2024-04-12 01:57:36, INFO: TRAIN in episode 241 has success rate: 0.00, collision rate: 1.00, nav time: 25.00±0.000000, total reward: -0.1316)
2024-04-12 01:57:47, INFO: TRAIN in episode 242 has success rate: 0.00, collision rate: 0.00, nav time: 25.00±0.000000, total reward: 0.0000)
2024-04-12 01:57:51, INFO: TRAIN in episode 243 has success rate: 0.00, collision rate: 1.00, nav time: 25.00±0.000000, total reward: -0.1189)
2024-04-12 01:57:57, INFO: TRAIN in episode 244 has success rate: 0.00, collision rate: 1.00, nav time: 25.00±0.000000, total reward: -0.0883)
2024-04-12 01:58:06, INFO: TRAIN in episode 245 has success rate: 1.00, collision rate: 0.00, nav time: 18.75±0.000000, total reward: 0.1365)
2024-04-12 01:58:08, INFO: TRAIN in episode 246 has success rate: 0.00, collision rate: 1.00, nav time: 25.00±0.000000, total reward: -0.2095)
2024-04-12 01:58:16, INFO: TRAIN in episode 247 has success rate: 1.00, collision rate: 0.00, nav time: 21.25±0.000000, total reward: 0.1094)
2024-04-12 01:58:20, INFO: TRAIN in episode 248 has success rate: 0.00, collision rate: 1.00, nav time: 25.00±0.000000, total reward: -0.1455)
2024-04-12 01:58:29, INFO: TRAIN in episode 249 has success rate: 1.00, collision rate: 0.00, nav time: 16.25±0.000000, total reward: 0.0171)
2024-04-12 01:58:37, INFO: TRAIN in episode 250 has success rate: 0.00, collision rate: 0.00, nav time: 25.00±0.000000, total reward: 0.0000)
2024-04-12 01:58:41, INFO: TRAIN in episode 251 has success rate: 0.00, collision rate: 1.00, nav time: 25.00±0.000000, total reward: -0.1797)
2024-04-12 01:58:48, INFO: TRAIN in episode 252 has success rate: 0.00, collision rate: 1.00, nav time: 25.00±0.000000, total reward: -0.0874)
2024-04-12 01:58:58, INFO: TRAIN in episode 253 has success rate: 1.00, collision rate: 0.00, nav time: 19.50±0.000000, total reward: 0.1316)
2024-04-12 01:59:07, INFO: TRAIN in episode 254 has success rate: 1.00, collision rate: 0.00, nav time: 23.25±0.000000, total reward: 0.0886)
2024-04-12 01:59:16, INFO: TRAIN in episode 255 has success rate: 1.00, collision rate: 0.00, nav time: 21.00±0.000000, total reward: 0.1123)
2024-04-12 01:59:25, INFO: TRAIN in episode 256 has success rate: 1.00, collision rate: 0.00, nav time: 19.25±0.000000, total reward: 0.1351)
2024-04-12 01:59:27, INFO: TRAIN in episode 257 has success rate: 0.00, collision rate: 1.00, nav time: 25.00±0.000000, total reward: -0.2025)
2024-04-12 01:59:40, INFO: TRAIN in episode 258 has success rate: 0.00, collision rate: 0.00, nav time: 25.00±0.000000, total reward: 0.0000)
2024-04-12 01:59:44, INFO: TRAIN in episode 259 has success rate: 0.00, collision rate: 1.00, nav time: 25.00±0.000000, total reward: -0.1202)
2024-04-12 01:59:54, INFO: TRAIN in episode 260 has success rate: 1.00, collision rate: 0.00, nav time: 20.75±0.000000, total reward: 0.1153)
2024-04-12 02:00:01, INFO: TRAIN in episode 261 has success rate: 0.00, collision rate: 1.00, nav time: 25.00±0.000000, total reward: -0.0941)
2024-04-12 02:00:10, INFO: TRAIN in episode 262 has success rate: 1.00, collision rate: 0.00, nav time: 17.50±0.000000, total reward: 0.1624)
2024-04-12 02:00:19, INFO: TRAIN in episode 263 has success rate: 1.00, collision rate: 0.00, nav time: 15.50±0.000000, total reward: 0.2005)
2024-04-12 02:00:33, INFO: TRAIN in episode 264 has success rate: 0.00, collision rate: 0.00, nav time: 25.00±0.000000, total reward: 0.0000)
2024-04-12 02:00:37, INFO: TRAIN in episode 265 has success rate: 0.00, collision rate: 1.00, nav time: 25.00±0.000000, total reward: -0.1436)
2024-04-12 02:00:45, INFO: TRAIN in episode 266 has success rate: 1.00, collision rate: 0.00, nav time: 17.50±0.000000, total reward: 0.1511)
2024-04-12 02:00:51, INFO: TRAIN in episode 267 has success rate: 0.00, collision rate: 1.00, nav time: 25.00±0.000000, total reward: -0.0883)
2024-04-12 02:00:52, INFO: TRAIN in episode 268 has success rate: 0.00, collision rate: 1.00, nav time: 25.00±0.000000, total reward: -0.2135)
2024-04-12 02:00:54, INFO: TRAIN in episode 269 has success rate: 0.00, collision rate: 1.00, nav time: 25.00±0.000000, total reward: -0.2051)
2024-04-12 02:01:02, INFO: TRAIN in episode 270 has success rate: 1.00, collision rate: 0.00, nav time: 15.50±0.000000, total reward: 0.2005)
2024-04-12 02:01:14, INFO: TRAIN in episode 271 has success rate: 1.00, collision rate: 0.00, nav time: 21.75±0.000000, total reward: 0.1038)
2024-04-12 02:01:20, INFO: TRAIN in episode 272 has success rate: 0.00, collision rate: 1.00, nav time: 25.00±0.000000, total reward: -0.1225)
2024-04-12 02:01:25, INFO: TRAIN in episode 273 has success rate: 0.00, collision rate: 1.00, nav time: 25.00±0.000000, total reward: -0.1677)
2024-04-12 02:01:32, INFO: TRAIN in episode 274 has success rate: 1.00, collision rate: 0.00, nav time: 13.75±0.000000, total reward: 0.1725)
2024-04-12 02:01:38, INFO: TRAIN in episode 275 has success rate: 0.00, collision rate: 1.00, nav time: 25.00±0.000000, total reward: -0.0803)
2024-04-12 02:01:47, INFO: TRAIN in episode 276 has success rate: 0.00, collision rate: 1.00, nav time: 25.00±0.000000, total reward: -0.0408)
2024-04-12 02:01:55, INFO: TRAIN in episode 277 has success rate: 1.00, collision rate: 0.00, nav time: 16.25±0.000000, total reward: 0.1166)
2024-04-12 02:02:08, INFO: TRAIN in episode 278 has success rate: 1.00, collision rate: 0.00, nav time: 22.75±0.000000, total reward: 0.0823)
2024-04-12 02:02:18, INFO: TRAIN in episode 279 has success rate: 0.00, collision rate: 0.00, nav time: 25.00±0.000000, total reward: 0.0000)
2024-04-12 02:02:29, INFO: TRAIN in episode 280 has success rate: 1.00, collision rate: 0.00, nav time: 21.50±0.000000, total reward: 0.1066)
2024-04-12 02:02:40, INFO: TRAIN in episode 281 has success rate: 0.00, collision rate: 0.00, nav time: 25.00±0.000000, total reward: -0.0381)
2024-04-12 02:02:44, INFO: TRAIN in episode 282 has success rate: 0.00, collision rate: 1.00, nav time: 25.00±0.000000, total reward: -0.1122)
2024-04-12 02:02:53, INFO: TRAIN in episode 283 has success rate: 0.00, collision rate: 1.00, nav time: 25.00±0.000000, total reward: -0.1457)
2024-04-12 02:03:02, INFO: TRAIN in episode 284 has success rate: 1.00, collision rate: 0.00, nav time: 16.75±0.000000, total reward: 0.1758)
2024-04-12 02:03:13, INFO: TRAIN in episode 285 has success rate: 1.00, collision rate: 0.00, nav time: 21.50±0.000000, total reward: 0.0750)
2024-04-12 02:03:20, INFO: TRAIN in episode 286 has success rate: 1.00, collision rate: 0.00, nav time: 14.50±0.000000, total reward: 0.1825)
2024-04-12 02:03:29, INFO: TRAIN in episode 287 has success rate: 1.00, collision rate: 0.00, nav time: 18.50±0.000000, total reward: 0.1462)
2024-04-12 02:03:37, INFO: TRAIN in episode 288 has success rate: 0.00, collision rate: 1.00, nav time: 25.00±0.000000, total reward: -0.0573)
2024-04-12 02:03:49, INFO: TRAIN in episode 289 has success rate: 0.00, collision rate: 0.00, nav time: 25.00±0.000000, total reward: 0.0000)
2024-04-12 02:04:01, INFO: TRAIN in episode 290 has success rate: 0.00, collision rate: 0.00, nav time: 25.00±0.000000, total reward: -0.0011)
2024-04-12 02:04:02, INFO: TRAIN in episode 291 has success rate: 0.00, collision rate: 1.00, nav time: 25.00±0.000000, total reward: -0.2250)
2024-04-12 02:04:05, INFO: TRAIN in episode 292 has success rate: 0.00, collision rate: 1.00, nav time: 25.00±0.000000, total reward: -0.1565)
2024-04-12 02:04:12, INFO: TRAIN in episode 293 has success rate: 0.00, collision rate: 1.00, nav time: 25.00±0.000000, total reward: -0.0763)
2024-04-12 02:04:23, INFO: TRAIN in episode 294 has success rate: 1.00, collision rate: 0.00, nav time: 20.25±0.000000, total reward: 0.1216)
2024-04-12 02:04:37, INFO: TRAIN in episode 295 has success rate: 0.00, collision rate: 0.00, nav time: 25.00±0.000000, total reward: 0.0000)
2024-04-12 02:04:49, INFO: TRAIN in episode 296 has success rate: 1.00, collision rate: 0.00, nav time: 21.75±0.000000, total reward: 0.1038)
2024-04-12 02:04:55, INFO: TRAIN in episode 297 has success rate: 0.00, collision rate: 1.00, nav time: 25.00±0.000000, total reward: -0.1131)
2024-04-12 02:05:08, INFO: TRAIN in episode 298 has success rate: 0.00, collision rate: 0.00, nav time: 25.00±0.000000, total reward: 0.0000)
2024-04-12 02:05:17, INFO: TRAIN in episode 299 has success rate: 0.00, collision rate: 1.00, nav time: 25.00±0.000000, total reward: -0.0759)
2024-04-12 02:05:25, INFO: TRAIN in episode 300 has success rate: 1.00, collision rate: 0.00, nav time: 14.00±0.000000, total reward: 0.2096)
2024-04-12 04:46:34, INFO: TRAIN in episode 301 has success rate: 1.00, collision rate: 0.00, nav time: 18.25±0.000000, total reward: 0.1501)
